<?xml version="1.0" encoding="UTF-8"?>
<!-- Generated by org.testng.reporters.JUnitReportReporter -->
<testsuite skipped="0" hostname="DESKTOP-F07U0B1" name="com.hexaware.apiscripts.login.Login" tests="8" failures="0" timestamp="2019-09-17T10:46:57 CDT" time="3.008" errors="0">
  <testcase name="scenario5" time="0.139" classname="com.hexaware.apiscripts.login.Login"/>
  <testcase name="scenario2" time="0.077" classname="com.hexaware.apiscripts.login.Login"/>
  <testcase name="scenario6" time="0.096" classname="com.hexaware.apiscripts.login.Login"/>
  <testcase name="scenario1" time="1.281" classname="com.hexaware.apiscripts.login.Login"/>
  <testcase name="scenario4" time="1.157" classname="com.hexaware.apiscripts.login.Login"/>
  <testcase name="scenario7" time="0.089" classname="com.hexaware.apiscripts.login.Login"/>
  <testcase name="scenario3" time="0.083" classname="com.hexaware.apiscripts.login.Login"/>
  <testcase name="scenario8" time="0.086" classname="com.hexaware.apiscripts.login.Login"/>
</testsuite> <!-- com.hexaware.apiscripts.login.Login -->
