<?xml version="1.0" encoding="UTF-8"?>
<!-- Generated by org.testng.reporters.JUnitReportReporter -->
<testsuite skipped="0" hostname="DESKTOP-29V1465" name="com.hexaware.testscripts.EditProfile.TC_EP_011" tests="2" failures="0" timestamp="2019-09-06T11:02:32 CDT" time="0.795" errors="0">
  <testcase name="scenario1" time="0.767" classname="com.hexaware.testscripts.EditProfile.TC_EP_011"/>
  <testcase name="scenario2" time="0.028" classname="com.hexaware.testscripts.EditProfile.TC_EP_011"/>
</testsuite> <!-- com.hexaware.testscripts.EditProfile.TC_EP_011 -->
